0 info it worked if it ends with ok
1 verbose cli [ 'C:\\Program Files\\nodejs\\node.exe',
1 verbose cli   'C:\\Program Files\\nodejs\\node_modules\\npm\\bin\\npm-cli.js',
1 verbose cli   'i',
1 verbose cli   '--save-dev',
1 verbose cli   'angualr-scroll' ]
2 info using npm@2.14.12
3 info using node@v4.3.1
4 verbose install initial load of C:\web\porn\package.json
5 warn package.json porn@1.0.0 No description
6 warn package.json porn@1.0.0 No repository field.
7 warn package.json porn@1.0.0 No README data
8 verbose installManyTop reading scoped package data from C:\web\porn\node_modules\angular\package.json
9 verbose installManyTop reading scoped package data from C:\web\porn\node_modules\angular-animate\package.json
10 verbose installManyTop reading scoped package data from C:\web\porn\node_modules\angular-socket-io\package.json
11 verbose installManyTop reading scoped package data from C:\web\porn\node_modules\angular-touch\package.json
12 verbose installManyTop reading scoped package data from C:\web\porn\node_modules\angular-ui-router\package.json
13 verbose installManyTop reading scoped package data from C:\web\porn\node_modules\babel-core\package.json
14 verbose installManyTop reading scoped package data from C:\web\porn\node_modules\babel-polyfill\package.json
15 verbose installManyTop reading scoped package data from C:\web\porn\node_modules\babel-preset-es2015\package.json
16 verbose installManyTop reading scoped package data from C:\web\porn\node_modules\babelify\package.json
17 verbose installManyTop reading scoped package data from C:\web\porn\node_modules\browser-sync\package.json
18 verbose installManyTop reading scoped package data from C:\web\porn\node_modules\browserify\package.json
19 verbose installManyTop reading scoped package data from C:\web\porn\node_modules\chalk\package.json
20 verbose installManyTop reading scoped package data from C:\web\porn\node_modules\corsproxy\package.json
21 verbose installManyTop reading scoped package data from C:\web\porn\node_modules\engine.io-client\package.json
22 verbose installManyTop reading scoped package data from C:\web\porn\node_modules\gulp\package.json
23 verbose installManyTop reading scoped package data from C:\web\porn\node_modules\gulp-autoprefixer\package.json
24 verbose installManyTop reading scoped package data from C:\web\porn\node_modules\gulp-babel\package.json
25 verbose installManyTop reading scoped package data from C:\web\porn\node_modules\gulp-rename\package.json
26 verbose installManyTop reading scoped package data from C:\web\porn\node_modules\gulp-sass\package.json
27 verbose installManyTop reading scoped package data from C:\web\porn\node_modules\gulp-sourcemaps\package.json
28 verbose installManyTop reading scoped package data from C:\web\porn\node_modules\gulp-uglify\package.json
29 verbose installManyTop reading scoped package data from C:\web\porn\node_modules\gutil\package.json
30 verbose installManyTop reading scoped package data from C:\web\porn\node_modules\socket.io\package.json
31 verbose installManyTop reading scoped package data from C:\web\porn\node_modules\socket.io-browserify\package.json
32 verbose installManyTop reading scoped package data from C:\web\porn\node_modules\socket.io-client\package.json
33 verbose installManyTop reading scoped package data from C:\web\porn\node_modules\utils-merge\package.json
34 verbose installManyTop reading scoped package data from C:\web\porn\node_modules\vinyl-buffer\package.json
35 verbose installManyTop reading scoped package data from C:\web\porn\node_modules\vinyl-source-stream\package.json
36 verbose installManyTop reading scoped package data from C:\web\porn\node_modules\watchify\package.json
37 info package.json babel-polyfill@6.7.2 No description
38 info package.json angular-socket-io@0.7.0 No repository field.
39 info package.json gulp-rename@1.2.2 No license field.
40 info package.json gutil@1.6.4 No repository field.
41 info package.json gutil@1.6.4 No license field.
42 info package.json socket.io-browserify@0.9.6 No license field.
43 info package.json utils-merge@1.0.0 No license field.
44 verbose readDependencies loading dependencies from C:\web\porn\package.json
45 silly cache add args [ 'angualr-scroll', null ]
46 verbose cache add spec angualr-scroll
47 silly cache add parsed spec Result {
47 silly cache add   raw: 'angualr-scroll',
47 silly cache add   scope: null,
47 silly cache add   name: 'angualr-scroll',
47 silly cache add   rawSpec: '',
47 silly cache add   spec: 'latest',
47 silly cache add   type: 'tag' }
48 silly addNamed angualr-scroll@latest
49 verbose addNamed "latest" is being treated as a dist-tag for angualr-scroll
50 info addNameTag [ 'angualr-scroll', 'latest' ]
51 silly mapToRegistry name angualr-scroll
52 silly mapToRegistry using default registry
53 silly mapToRegistry registry https://registry.npmjs.org/
54 silly mapToRegistry uri https://registry.npmjs.org/angualr-scroll
55 verbose addNameTag registry:https://registry.npmjs.org/angualr-scroll not in flight; fetching
56 verbose request uri https://registry.npmjs.org/angualr-scroll
57 verbose request no auth needed
58 info attempt registry request try #1 at 15:39:37
59 verbose request id ade49d299e6bac17
60 http request GET https://registry.npmjs.org/angualr-scroll
61 http 404 https://registry.npmjs.org/angualr-scroll
62 verbose headers { 'content-type': 'application/json',
62 verbose headers   'cache-control': 'max-age=0',
62 verbose headers   'content-length': '2',
62 verbose headers   'accept-ranges': 'bytes',
62 verbose headers   date: 'Tue, 22 Mar 2016 14:39:37 GMT',
62 verbose headers   via: '1.1 varnish',
62 verbose headers   age: '0',
62 verbose headers   connection: 'keep-alive',
62 verbose headers   'x-served-by': 'cache-fra1245-FRA',
62 verbose headers   'x-cache': 'MISS',
62 verbose headers   'x-cache-hits': '0',
62 verbose headers   'x-timer': 'S1458657577.728801,VS0,VE190' }
63 silly get cb [ 404,
63 silly get   { 'content-type': 'application/json',
63 silly get     'cache-control': 'max-age=0',
63 silly get     'content-length': '2',
63 silly get     'accept-ranges': 'bytes',
63 silly get     date: 'Tue, 22 Mar 2016 14:39:37 GMT',
63 silly get     via: '1.1 varnish',
63 silly get     age: '0',
63 silly get     connection: 'keep-alive',
63 silly get     'x-served-by': 'cache-fra1245-FRA',
63 silly get     'x-cache': 'MISS',
63 silly get     'x-cache-hits': '0',
63 silly get     'x-timer': 'S1458657577.728801,VS0,VE190' } ]
64 verbose stack Error: Registry returned 404 for GET on https://registry.npmjs.org/angualr-scroll
64 verbose stack     at makeError (C:\Program Files\nodejs\node_modules\npm\node_modules\npm-registry-client\lib\request.js:264:12)
64 verbose stack     at CachingRegistryClient.<anonymous> (C:\Program Files\nodejs\node_modules\npm\node_modules\npm-registry-client\lib\request.js:242:14)
64 verbose stack     at Request._callback (C:\Program Files\nodejs\node_modules\npm\node_modules\npm-registry-client\lib\request.js:172:14)
64 verbose stack     at Request.self.callback (C:\Program Files\nodejs\node_modules\npm\node_modules\request\request.js:198:22)
64 verbose stack     at emitTwo (events.js:87:13)
64 verbose stack     at Request.emit (events.js:172:7)
64 verbose stack     at Request.<anonymous> (C:\Program Files\nodejs\node_modules\npm\node_modules\request\request.js:1082:10)
64 verbose stack     at emitOne (events.js:82:20)
64 verbose stack     at Request.emit (events.js:169:7)
64 verbose stack     at IncomingMessage.<anonymous> (C:\Program Files\nodejs\node_modules\npm\node_modules\request\request.js:1009:12)
65 verbose statusCode 404
66 verbose pkgid angualr-scroll
67 verbose cwd C:\web\porn
68 error Windows_NT 6.3.9600
69 error argv "C:\\Program Files\\nodejs\\node.exe" "C:\\Program Files\\nodejs\\node_modules\\npm\\bin\\npm-cli.js" "i" "--save-dev" "angualr-scroll"
70 error node v4.3.1
71 error npm  v2.14.12
72 error code E404
73 error 404 Registry returned 404 for GET on https://registry.npmjs.org/angualr-scroll
73 error 404
73 error 404 'angualr-scroll' is not in the npm registry.
73 error 404 You should bug the author to publish it (or use the name yourself!)
73 error 404 It was specified as a dependency of 'porn'
73 error 404
73 error 404 Note that you can also install from a
73 error 404 tarball, folder, http url, or git url.
74 verbose exit [ 1, true ]
